<?xml version="1.0" encoding="UTF-8"?>
<testng-results ignored="0" total="1" passed="1" failed="0" skipped="0">
  <reporter-output>
  </reporter-output>
  <suite started-at="2024-01-29T11:46:38 IST" name="Default suite" finished-at="2024-01-29T11:46:52 IST" duration-ms="14457">
    <groups>
    </groups>
    <test started-at="2024-01-29T11:46:38 IST" name="Default test" finished-at="2024-01-29T11:46:52 IST" duration-ms="14457">
      <class name="automation.test.TestCase1">
        <test-method is-config="true" signature="beforeTestMethod()[pri:0, instance:automation.test.TestCase1@b91d8c4]" started-at="2024-01-29T11:46:38 IST" name="beforeTestMethod" finished-at="2024-01-29T11:46:38 IST" duration-ms="273" status="PASS">
          <reporter-output>
          </reporter-output>
        </test-method> <!-- beforeTestMethod -->
        <test-method is-config="true" signature="beforeMethod(java.lang.String,java.lang.reflect.Method)[pri:0, instance:automation.test.TestCase1@b91d8c4]" started-at="2024-01-29T11:46:38 IST" name="beforeMethod" finished-at="2024-01-29T11:46:46 IST" duration-ms="7816" status="PASS">
          <params>
            <param index="0">
              <value>
                <![CDATA[chrome]]>
              </value>
            </param>
            <param index="1">
              <value>
                <![CDATA[public void automation.test.TestCase1.enteringCredentials(java.util.Map)]]>
              </value>
            </param>
          </params>
          <reporter-output>
          </reporter-output>
        </test-method> <!-- beforeMethod -->
        <test-method signature="enteringCredentials(java.util.Map)[pri:0, instance:automation.test.TestCase1@b91d8c4]" started-at="2024-01-29T11:46:46 IST" name="enteringCredentials" data-provider="testData1" finished-at="2024-01-29T11:46:51 IST" duration-ms="5442" status="PASS">
          <params>
            <param index="0">
              <value>
                <![CDATA[{Username=suhasinimanu56@gmail.com, Password=Suha@302}]]>
              </value>
            </param>
          </params>
          <reporter-output>
          </reporter-output>
        </test-method> <!-- enteringCredentials -->
        <test-method is-config="true" signature="afterMethod(org.testng.ITestResult)[pri:0, instance:automation.test.TestCase1@b91d8c4]" started-at="2024-01-29T11:46:51 IST" name="afterMethod" finished-at="2024-01-29T11:46:52 IST" duration-ms="480" status="PASS">
          <params>
            <param index="0">
              <value>
                <![CDATA[[TestResult name=enteringCredentials status=SUCCESS method=TestCase1.enteringCredentials(java.util.Map)[pri:0, instance:automation.test.TestCase1@b91d8c4] output={null}]]]>
              </value>
            </param>
          </params>
          <reporter-output>
          </reporter-output>
        </test-method> <!-- afterMethod -->
        <test-method is-config="true" signature="afterTest()[pri:0, instance:automation.test.TestCase1@b91d8c4]" started-at="2024-01-29T11:46:52 IST" name="afterTest" finished-at="2024-01-29T11:46:52 IST" duration-ms="381" status="PASS">
          <reporter-output>
          </reporter-output>
        </test-method> <!-- afterTest -->
      </class> <!-- automation.test.TestCase1 -->
    </test> <!-- Default test -->
  </suite> <!-- Default suite -->
</testng-results>
